Compiled jquery.js  (50ms)  (pid 8180)
Compiled jquery_ujs.js  (1ms)  (pid 8180)
Compiled bootstrap.js  (1ms)  (pid 8180)
Compiled comments.js  (3008ms)  (pid 8180)
Compiled follow_activity.js  (850ms)  (pid 8180)
Compiled profiles.js  (461ms)  (pid 8180)
Compiled statuses.js  (578ms)  (pid 8180)
Compiled user_friendships.js  (465ms)  (pid 8180)
Compiled votes.js  (435ms)  (pid 8180)
Compiled application.js  (7271ms)  (pid 8180)
Compiled formtastic-bootstrap.css  (0ms)  (pid 8180)
Compiled bootstrap.css  (4ms)  (pid 8180)
Compiled comments.css  (94ms)  (pid 8180)
Compiled digg.css  (0ms)  (pid 8180)
Compiled follow_activity.css  (15ms)  (pid 8180)
Compiled profiles.css  (18ms)  (pid 8180)
Compiled scaffolds.css  (16ms)  (pid 8180)
Compiled statuses.css  (25ms)  (pid 8180)
Compiled style.css  (36ms)  (pid 8180)
Compiled typicons.css  (0ms)  (pid 8180)
Compiled user_friendships.css  (24ms)  (pid 8180)
Compiled votes.css  (16ms)  (pid 8180)
Compiled application.css  (1035ms)  (pid 8180)
Compiled rails_admin/jquery.colorpicker.js  (3ms)  (pid 8180)
Compiled jquery.iframe-transport.js  (2ms)  (pid 8180)
Compiled rails_admin/jquery.remotipart.fixed.js  (38ms)  (pid 8180)
Compiled jquery.ui.effect.js  (1ms)  (pid 8180)
Compiled jquery.ui.core.js  (3ms)  (pid 8180)
Compiled jquery.ui.widget.js  (1ms)  (pid 8180)
Compiled jquery.ui.mouse.js  (6ms)  (pid 8180)
Compiled jquery.ui.sortable.js  (178ms)  (pid 8180)
Compiled jquery.ui.position.js  (1ms)  (pid 8180)
Compiled jquery.ui.menu.js  (42ms)  (pid 8180)
Compiled jquery.ui.autocomplete.js  (76ms)  (pid 8180)
Compiled jquery.ui.datepicker.js  (5ms)  (pid 8180)
Compiled rails_admin/jquery.ui.timepicker.js  (3ms)  (pid 8180)
Compiled rails_admin/ra.datetimepicker.js  (0ms)  (pid 8180)
Compiled rails_admin/ra.filter-box.js  (35ms)  (pid 8180)
Compiled rails_admin/ra.filtering-multiselect.js  (0ms)  (pid 8180)
Compiled rails_admin/ra.filtering-select.js  (3ms)  (pid 8180)
Compiled rails_admin/ra.remote-form.js  (1ms)  (pid 8180)
Compiled rails_admin/jquery.pjax.js  (0ms)  (pid 8180)
Compiled jquery_nested_form.js  (0ms)  (pid 8180)
Compiled rails_admin/ra.nested-form-hooks.js  (765ms)  (pid 8180)
Compiled rails_admin/ra.widgets.js  (2366ms)  (pid 8180)
Compiled rails_admin/ui.js  (959ms)  (pid 8180)
Compiled rails_admin/custom/ui.js  (659ms)  (pid 8180)
Compiled rails_admin/rails_admin.js  (6586ms)  (pid 8180)
